Copyright 1986-2022 Xilinx, Inc. All Rights Reserved. Copyright 2022-2025 Advanced Micro Devices, Inc. All Rights Reserved.
---------------------------------------------------------------------------------------------------------------------------------------------
| Tool Version : Vivado v.2025.1 (win64) Build 6140274 Thu May 22 00:12:29 MDT 2025
| Date         : Tue May  5 22:59:43 2026
| Host         : pepe running 64-bit major release  (build 9200)
| Command      : report_clock_utilization -file top_clock_utilization_routed.rpt
| Design       : top
| Device       : 7a100t-csg324
| Speed File   : -1  PRODUCTION 1.23 2018-06-13
| Design State : Routed
---------------------------------------------------------------------------------------------------------------------------------------------

Clock Utilization Report

Table of Contents
-----------------
1. Clock Primitive Utilization
2. Global Clock Resources
3. Global Clock Source Details
4. Clock Regions: Key Resource Utilization
5. Clock Regions : Global Clock Summary
6. Device Cell Placement Summary for Global Clock g0
7. Device Cell Placement Summary for Global Clock g1
8. Device Cell Placement Summary for Global Clock g2
9. Device Cell Placement Summary for Global Clock g3
10. Device Cell Placement Summary for Global Clock g4
11. Device Cell Placement Summary for Global Clock g5
12. Device Cell Placement Summary for Global Clock g6
13. Clock Region Cell Placement per Global Clock: Region X0Y0
14. Clock Region Cell Placement per Global Clock: Region X1Y0
15. Clock Region Cell Placement per Global Clock: Region X0Y1
16. Clock Region Cell Placement per Global Clock: Region X1Y1
17. Clock Region Cell Placement per Global Clock: Region X0Y2
18. Clock Region Cell Placement per Global Clock: Region X1Y2

1. Clock Primitive Utilization
------------------------------

+----------+------+-----------+-----+--------------+--------+
| Type     | Used | Available | LOC | Clock Region | Pblock |
+----------+------+-----------+-----+--------------+--------+
| BUFGCTRL |    7 |        32 |   0 |            0 |      0 |
| BUFH     |    0 |        96 |   0 |            0 |      0 |
| BUFIO    |    0 |        24 |   0 |            0 |      0 |
| BUFMR    |    0 |        12 |   0 |            0 |      0 |
| BUFR     |    0 |        24 |   0 |            0 |      0 |
| MMCM     |    1 |         6 |   0 |            0 |      0 |
| PLL      |    0 |         6 |   0 |            0 |      0 |
+----------+------+-----------+-----+--------------+--------+


2. Global Clock Resources
-------------------------

+-----------+-----------+-----------------+------------+----------------+--------------+-------------------+-------------+-----------------+--------------+--------------------+-------------------------+----------------------------------+
| Global Id | Source Id | Driver Type/Pin | Constraint | Site           | Clock Region | Load Clock Region | Clock Loads | Non-Clock Loads | Clock Period | Clock              | Driver Pin              | Net                              |
+-----------+-----------+-----------------+------------+----------------+--------------+-------------------+-------------+-----------------+--------------+--------------------+-------------------------+----------------------------------+
| g0        | src0      | BUFG/O          | None       | BUFGCTRL_X0Y1  | n/a          |                 6 |       10291 |               0 |       10.000 | clk_vga_clk_wiz_0  | clk0/inst/clkout2_buf/O | clk0/inst/clk_vga                |
| g1        | src1      | BUFG/O          | None       | BUFGCTRL_X0Y0  | n/a          |                 4 |        1720 |               1 |              |                    | M_CLK_OBUF_BUFG_inst/O  | M_CLK_OBUF_BUFG                  |
| g2        | src2      | BUFG/O          | None       | BUFGCTRL_X0Y2  | n/a          |                 4 |          74 |               0 |              |                    | h_count_reg[9]_i_3/O    | pixel_clk                        |
| g3        | src3      | BUFG/O          | None       | BUFGCTRL_X0Y16 | n/a          |                 1 |           1 |               0 |       10.000 | sys_clk_pin        | CLK_IBUF_BUFG_inst/O    | CLK_IBUF_BUFG                    |
| g4        | src4      | BUFG/O          | None       | BUFGCTRL_X0Y5  | n/a          |                 1 |           1 |               0 |      166.607 | clk_mic_clk_wiz_0  | clk0/inst/clkout1_buf/O | clk0/inst/clk_mic                |
| g5        | src5      | BUFG/O          | None       | BUFGCTRL_X0Y4  | n/a          |                 1 |           1 |               0 |       20.000 | clkfbout_clk_wiz_0 | clk0/inst/clkf_buf/O    | clk0/inst/clkfbout_buf_clk_wiz_0 |
| g6        | src6      | BUFG/O          | None       | BUFGCTRL_X0Y3  | n/a          |                 1 |           1 |               0 |              |                    | BUFG_CLK/O              | fclk                             |
+-----------+-----------+-----------------+------------+----------------+--------------+-------------------+-------------+-----------------+--------------+--------------------+-------------------------+----------------------------------+
* Clock Loads column represents cell count of net connects that connect to a clock pin. Internal cell leaf pins are not considered
** Non-Clock Loads column represents cell count of non-clock pin loads


3. Global Clock Source Details
------------------------------

+-----------+-----------+---------------------+------------+-----------------+--------------+-------------+-----------------+---------------------+--------------------+----------------------------------+------------------------------+
| Source Id | Global Id | Driver Type/Pin     | Constraint | Site            | Clock Region | Clock Loads | Non-Clock Loads | Source Clock Period | Source Clock       | Driver Pin                       | Net                          |
+-----------+-----------+---------------------+------------+-----------------+--------------+-------------+-----------------+---------------------+--------------------+----------------------------------+------------------------------+
| src0      | g0        | MMCME2_ADV/CLKOUT1  | None       | MMCME2_ADV_X0Y0 | X0Y0         |           1 |               0 |              10.000 | clk_vga_clk_wiz_0  | clk0/inst/mmcm_adv_inst/CLKOUT1  | clk0/inst/clk_vga_clk_wiz_0  |
| src1      | g1        | FDCE/Q              | None       | SLICE_X51Y96    | X0Y1         |           1 |               1 |                     |                    | clk_mic_actual_reg/Q             | M_CLK_OBUF                   |
| src2      | g2        | FDRE/Q              | None       | SLICE_X58Y92    | X1Y1         |           1 |               1 |                     |                    | vd/divider_clk_reg[1]/Q          | vd/divider_clk_reg[1]_0      |
| src3      | g3        | IBUF/O              | IOB_X1Y126 | IOB_X1Y126      | X1Y2         |           1 |               0 |              10.000 | sys_clk_pin        | CLK_IBUF_inst/O                  | CLK_IBUF                     |
| src4      | g4        | MMCME2_ADV/CLKOUT0  | None       | MMCME2_ADV_X0Y0 | X0Y0         |           1 |               0 |             166.607 | clk_mic_clk_wiz_0  | clk0/inst/mmcm_adv_inst/CLKOUT0  | clk0/inst/clk_mic_clk_wiz_0  |
| src5      | g5        | MMCME2_ADV/CLKFBOUT | None       | MMCME2_ADV_X0Y0 | X0Y0         |           1 |               0 |              20.000 | clkfbout_clk_wiz_0 | clk0/inst/mmcm_adv_inst/CLKFBOUT | clk0/inst/clkfbout_clk_wiz_0 |
| src6      | g6        | FDCE/Q              | None       | SLICE_X52Y95    | X1Y1         |           1 |               1 |                     |                    | clk_div_reg/Q                    | clk_div                      |
+-----------+-----------+---------------------+------------+-----------------+--------------+-------------+-----------------+---------------------+--------------------+----------------------------------+------------------------------+
* Clock Loads column represents cell count of net connects that connect to a clock pin. Internal cell leaf pins are not considered
** Non-Clock Loads column represents cell count of non-clock pin loads


4. Clock Regions: Key Resource Utilization
------------------------------------------

+-------------------+--------------+--------------+--------------+--------------+--------------+--------------+--------------+--------------+--------------+--------------+--------------+--------------+--------------+--------------+--------------+
|                   | Global Clock |     BUFRs    |    BUFMRs    |    BUFIOs    |     MMCM     |      PLL     |      GT      |      PCI     |    ILOGIC    |    OLOGIC    |      FF      |     LUTM     |    RAMB18    |    RAMB36    |    DSP48E2   |
+-------------------+------+-------+------+-------+------+-------+------+-------+------+-------+------+-------+------+-------+------+-------+------+-------+------+-------+------+-------+------+-------+------+-------+------+-------+------+-------+
| Clock Region Name | Used | Avail | Used | Avail | Used | Avail | Used | Avail | Used | Avail | Used | Avail | Used | Avail | Used | Avail | Used | Avail | Used | Avail | Used | Avail | Used | Avail | Used | Avail | Used | Avail | Used | Avail |
+-------------------+------+-------+------+-------+------+-------+------+-------+------+-------+------+-------+------+-------+------+-------+------+-------+------+-------+------+-------+------+-------+------+-------+------+-------+------+-------+
| X0Y0              |    4 |    12 |    0 |     4 |    0 |     2 |    0 |     4 |    1 |     1 |    0 |     1 |    0 |     0 |    0 |     0 |    0 |    50 |    0 |    50 | 2246 |  2600 |  658 |   600 |    0 |    20 |    5 |    10 |    1 |    20 |
| X1Y0              |    2 |    12 |    0 |     0 |    0 |     0 |    0 |     0 |    0 |     0 |    0 |     0 |    0 |     4 |    0 |     0 |    0 |     0 |    0 |     0 | 1848 |  1500 | 1054 |   550 |    1 |    40 |    2 |    20 |    6 |    40 |
| X0Y1              |    4 |    12 |    0 |     4 |    0 |     2 |    0 |     4 |    0 |     1 |    0 |     1 |    0 |     0 |    0 |     0 |    0 |    50 |    0 |    50 | 2956 |  2000 | 1257 |   600 |    1 |    20 |    0 |    10 |    0 |    20 |
| X1Y1              |    3 |    12 |    0 |     4 |    0 |     2 |    0 |     4 |    0 |     1 |    0 |     1 |    0 |     0 |    0 |     0 |    0 |    50 |    0 |    50 | 3180 |  1900 | 1587 |   650 |    0 |    60 |    0 |    30 |    7 |    40 |
| X0Y2              |    2 |    12 |    0 |     4 |    0 |     2 |    0 |     4 |    0 |     1 |    0 |     1 |    0 |     0 |    0 |     0 |    0 |    50 |    0 |    50 |  350 |  2000 |   86 |   600 |    0 |    20 |    0 |    10 |    0 |    20 |
| X1Y2              |    3 |    12 |    0 |     4 |    0 |     2 |    0 |     4 |    0 |     1 |    0 |     1 |    0 |     0 |    0 |     0 |    0 |    50 |    0 |    50 |  172 |  1900 |   62 |   650 |    0 |    60 |    0 |    30 |    0 |    40 |
| X0Y3              |    0 |    12 |    0 |     4 |    0 |     2 |    0 |     4 |    0 |     1 |    0 |     1 |    0 |     0 |    0 |     0 |    0 |    50 |    0 |    50 |    0 |  2600 |    0 |   600 |    0 |    20 |    0 |    10 |    0 |    20 |
| X1Y3              |    0 |    12 |    0 |     0 |    0 |     0 |    0 |     0 |    0 |     0 |    0 |     0 |    0 |     4 |    0 |     1 |    0 |     0 |    0 |     0 |    0 |  1350 |    0 |   500 |    0 |    30 |    0 |    15 |    0 |    40 |
+-------------------+------+-------+------+-------+------+-------+------+-------+------+-------+------+-------+------+-------+------+-------+------+-------+------+-------+------+-------+------+-------+------+-------+------+-------+------+-------+
* Global Clock column represents track count; while other columns represents cell counts


5. Clock Regions : Global Clock Summary
---------------------------------------

All Modules
+----+----+----+
|    | X0 | X1 |
+----+----+----+
| Y3 |  0 |  0 |
| Y2 |  0 |  0 |
| Y1 |  0 |  0 |
| Y0 |  0 |  0 |
+----+----+----+


6. Device Cell Placement Summary for Global Clock g0
----------------------------------------------------

+-----------+-----------------+-------------------+-------------------+-------------+---------------+-------------+----------+----------------+----------+-------------------+
| Global Id | Driver Type/Pin | Driver Region (D) | Clock             | Period (ns) | Waveform (ns) | Slice Loads | IO Loads | Clocking Loads | GT Loads | Net               |
+-----------+-----------------+-------------------+-------------------+-------------+---------------+-------------+----------+----------------+----------+-------------------+
| g0        | BUFG/O          | n/a               | clk_vga_clk_wiz_0 |      10.000 | {0.000 5.000} |       10260 |        0 |              0 |        0 | clk0/inst/clk_vga |
+-----------+-----------------+-------------------+-------------------+-------------+---------------+-------------+----------+----------------+----------+-------------------+
* Slice Loads column represents load cell count of all cell types other than IO, GT and clock resources
** IO Loads column represents load cell count of IO types
*** Clocking Loads column represents load cell count that are clock resources (global clock buffer, MMCM, PLL, etc)
**** GT Loads column represents load cell count of GT types


+----+-------+-------+-----------------------+
|    | X0    | X1    | HORIZONTAL PROG DELAY |
+----+-------+-------+-----------------------+
| Y3 |     0 |     0 |                     - |
| Y2 |   318 |   166 |                     0 |
| Y1 |  3288 |  3576 |                     0 |
| Y0 |   745 |  2167 |                     0 |
+----+-------+-------+-----------------------+


7. Device Cell Placement Summary for Global Clock g1
----------------------------------------------------

+-----------+-----------------+-------------------+-------+-------------+---------------+-------------+----------+----------------+----------+-----------------+
| Global Id | Driver Type/Pin | Driver Region (D) | Clock | Period (ns) | Waveform (ns) | Slice Loads | IO Loads | Clocking Loads | GT Loads | Net             |
+-----------+-----------------+-------------------+-------+-------------+---------------+-------------+----------+----------------+----------+-----------------+
| g1        | BUFG/O          | n/a               |       |             |               |        1720 |        1 |              0 |        0 | M_CLK_OBUF_BUFG |
+-----------+-----------------+-------------------+-------+-------------+---------------+-------------+----------+----------------+----------+-----------------+
* Slice Loads column represents load cell count of all cell types other than IO, GT and clock resources
** IO Loads column represents load cell count of IO types
*** Clocking Loads column represents load cell count that are clock resources (global clock buffer, MMCM, PLL, etc)
**** GT Loads column represents load cell count of GT types


+----+-------+-----+-----------------------+
|    | X0    | X1  | HORIZONTAL PROG DELAY |
+----+-------+-----+-----------------------+
| Y3 |     0 |   0 |                     - |
| Y2 |     0 |   1 |                     0 |
| Y1 |     4 |   0 |                     0 |
| Y0 |  1622 |  94 |                     0 |
+----+-------+-----+-----------------------+


8. Device Cell Placement Summary for Global Clock g2
----------------------------------------------------

+-----------+-----------------+-------------------+-------+-------------+---------------+-------------+----------+----------------+----------+-----------+
| Global Id | Driver Type/Pin | Driver Region (D) | Clock | Period (ns) | Waveform (ns) | Slice Loads | IO Loads | Clocking Loads | GT Loads | Net       |
+-----------+-----------------+-------------------+-------+-------------+---------------+-------------+----------+----------------+----------+-----------+
| g2        | BUFG/O          | n/a               |       |             |               |          74 |        0 |              0 |        0 | pixel_clk |
+-----------+-----------------+-------------------+-------+-------------+---------------+-------------+----------+----------------+----------+-----------+
* Slice Loads column represents load cell count of all cell types other than IO, GT and clock resources
** IO Loads column represents load cell count of IO types
*** Clocking Loads column represents load cell count that are clock resources (global clock buffer, MMCM, PLL, etc)
**** GT Loads column represents load cell count of GT types


+----+-----+-----+-----------------------+
|    | X0  | X1  | HORIZONTAL PROG DELAY |
+----+-----+-----+-----------------------+
| Y3 |   0 |   0 |                     - |
| Y2 |  32 |   6 |                     0 |
| Y1 |   6 |  30 |                     0 |
| Y0 |   0 |   0 |                     - |
+----+-----+-----+-----------------------+


9. Device Cell Placement Summary for Global Clock g3
----------------------------------------------------

+-----------+-----------------+-------------------+-------------+-------------+---------------+-------------+----------+----------------+----------+---------------+
| Global Id | Driver Type/Pin | Driver Region (D) | Clock       | Period (ns) | Waveform (ns) | Slice Loads | IO Loads | Clocking Loads | GT Loads | Net           |
+-----------+-----------------+-------------------+-------------+-------------+---------------+-------------+----------+----------------+----------+---------------+
| g3        | BUFG/O          | n/a               | sys_clk_pin |      10.000 | {0.000 5.000} |           1 |        0 |              0 |        0 | CLK_IBUF_BUFG |
+-----------+-----------------+-------------------+-------------+-------------+---------------+-------------+----------+----------------+----------+---------------+
* Slice Loads column represents load cell count of all cell types other than IO, GT and clock resources
** IO Loads column represents load cell count of IO types
*** Clocking Loads column represents load cell count that are clock resources (global clock buffer, MMCM, PLL, etc)
**** GT Loads column represents load cell count of GT types


+----+----+----+-----------------------+
|    | X0 | X1 | HORIZONTAL PROG DELAY |
+----+----+----+-----------------------+
| Y3 |  0 |  0 |                     - |
| Y2 |  0 |  0 |                     - |
| Y1 |  0 |  1 |                     0 |
| Y0 |  0 |  0 |                     - |
+----+----+----+-----------------------+


10. Device Cell Placement Summary for Global Clock g4
-----------------------------------------------------

+-----------+-----------------+-------------------+-------------------+-------------+----------------+-------------+----------+----------------+----------+-------------------+
| Global Id | Driver Type/Pin | Driver Region (D) | Clock             | Period (ns) | Waveform (ns)  | Slice Loads | IO Loads | Clocking Loads | GT Loads | Net               |
+-----------+-----------------+-------------------+-------------------+-------------+----------------+-------------+----------+----------------+----------+-------------------+
| g4        | BUFG/O          | n/a               | clk_mic_clk_wiz_0 |     166.607 | {0.000 83.304} |           1 |        0 |              0 |        0 | clk0/inst/clk_mic |
+-----------+-----------------+-------------------+-------------------+-------------+----------------+-------------+----------+----------------+----------+-------------------+
* Slice Loads column represents load cell count of all cell types other than IO, GT and clock resources
** IO Loads column represents load cell count of IO types
*** Clocking Loads column represents load cell count that are clock resources (global clock buffer, MMCM, PLL, etc)
**** GT Loads column represents load cell count of GT types


+----+----+----+-----------------------+
|    | X0 | X1 | HORIZONTAL PROG DELAY |
+----+----+----+-----------------------+
| Y3 |  0 |  0 |                     - |
| Y2 |  0 |  0 |                     - |
| Y1 |  1 |  0 |                     0 |
| Y0 |  0 |  0 |                     - |
+----+----+----+-----------------------+


11. Device Cell Placement Summary for Global Clock g5
-----------------------------------------------------

+-----------+-----------------+-------------------+--------------------+-------------+----------------+-------------+----------+----------------+----------+----------------------------------+
| Global Id | Driver Type/Pin | Driver Region (D) | Clock              | Period (ns) | Waveform (ns)  | Slice Loads | IO Loads | Clocking Loads | GT Loads | Net                              |
+-----------+-----------------+-------------------+--------------------+-------------+----------------+-------------+----------+----------------+----------+----------------------------------+
| g5        | BUFG/O          | n/a               | clkfbout_clk_wiz_0 |      20.000 | {0.000 10.000} |           0 |        0 |              1 |        0 | clk0/inst/clkfbout_buf_clk_wiz_0 |
+-----------+-----------------+-------------------+--------------------+-------------+----------------+-------------+----------+----------------+----------+----------------------------------+
* Slice Loads column represents load cell count of all cell types other than IO, GT and clock resources
** IO Loads column represents load cell count of IO types
*** Clocking Loads column represents load cell count that are clock resources (global clock buffer, MMCM, PLL, etc)
**** GT Loads column represents load cell count of GT types


+----+----+----+-----------------------+
|    | X0 | X1 | HORIZONTAL PROG DELAY |
+----+----+----+-----------------------+
| Y3 |  0 |  0 |                     - |
| Y2 |  0 |  0 |                     - |
| Y1 |  0 |  0 |                     - |
| Y0 |  1 |  0 |                     0 |
+----+----+----+-----------------------+


12. Device Cell Placement Summary for Global Clock g6
-----------------------------------------------------

+-----------+-----------------+-------------------+-------+-------------+---------------+-------------+----------+----------------+----------+------+
| Global Id | Driver Type/Pin | Driver Region (D) | Clock | Period (ns) | Waveform (ns) | Slice Loads | IO Loads | Clocking Loads | GT Loads | Net  |
+-----------+-----------------+-------------------+-------+-------------+---------------+-------------+----------+----------------+----------+------+
| g6        | BUFG/O          | n/a               |       |             |               |           0 |        0 |              1 |        0 | fclk |
+-----------+-----------------+-------------------+-------+-------------+---------------+-------------+----------+----------------+----------+------+
* Slice Loads column represents load cell count of all cell types other than IO, GT and clock resources
** IO Loads column represents load cell count of IO types
*** Clocking Loads column represents load cell count that are clock resources (global clock buffer, MMCM, PLL, etc)
**** GT Loads column represents load cell count of GT types


+----+----+----+-----------------------+
|    | X0 | X1 | HORIZONTAL PROG DELAY |
+----+----+----+-----------------------+
| Y3 |  0 |  0 |                     - |
| Y2 |  0 |  0 |                     - |
| Y1 |  0 |  0 |                     - |
| Y0 |  1 |  0 |                     0 |
+----+----+----+-----------------------+


13. Clock Region Cell Placement per Global Clock: Region X0Y0
-------------------------------------------------------------

+-----------+-------+-----------------+------------+-------------+-----------------+------+-------------+------+-----+----+------+-----+---------+----------------------------------+
| Global Id | Track | Driver Type/Pin | Constraint | Clock Loads | Non-Clock Loads | FF   | Memory LUTs | RAMB | DSP | GT | MMCM | PLL | Hard IP | Net                              |
+-----------+-------+-----------------+------------+-------------+-----------------+------+-------------+------+-----+----+------+-----+---------+----------------------------------+
| g0        | n/a   | BUFG/O          | None       |         745 |               0 |  631 |         108 |    5 |   0 |  0 |    0 |   0 |       0 | clk0/inst/clk_vga                |
| g1        | n/a   | BUFG/O          | None       |        1622 |               0 | 1615 |           0 |    5 |   1 |  0 |    0 |   0 |       0 | M_CLK_OBUF_BUFG                  |
| g5        | n/a   | BUFG/O          | None       |           1 |               0 |    0 |           0 |    0 |   0 |  0 |    1 |   0 |       0 | clk0/inst/clkfbout_buf_clk_wiz_0 |
| g6        | n/a   | BUFG/O          | None       |           1 |               0 |    0 |           0 |    0 |   0 |  0 |    1 |   0 |       0 | fclk                             |
+-----------+-------+-----------------+------------+-------------+-----------------+------+-------------+------+-----+----+------+-----+---------+----------------------------------+
* Clock Loads column represents cell count of net connects that connect to a clock pin. Internal cell leaf pins are not considered
** Non-Clock Loads column represents cell count of non-clock pin loads
*** Columns FF, LUTRAM, RAMB through 'Hard IP' represents load cell counts


14. Clock Region Cell Placement per Global Clock: Region X1Y0
-------------------------------------------------------------

+-----------+-------+-----------------+------------+-------------+-----------------+------+-------------+------+-----+----+------+-----+---------+-------------------+
| Global Id | Track | Driver Type/Pin | Constraint | Clock Loads | Non-Clock Loads | FF   | Memory LUTs | RAMB | DSP | GT | MMCM | PLL | Hard IP | Net               |
+-----------+-------+-----------------+------------+-------------+-----------------+------+-------------+------+-----+----+------+-----+---------+-------------------+
| g0        | n/a   | BUFG/O          | None       |        2167 |               0 | 1756 |         398 |    3 |   6 |  0 |    0 |   0 |       0 | clk0/inst/clk_vga |
| g1        | n/a   | BUFG/O          | None       |          94 |               0 |   92 |           0 |    2 |   0 |  0 |    0 |   0 |       0 | M_CLK_OBUF_BUFG   |
+-----------+-------+-----------------+------------+-------------+-----------------+------+-------------+------+-----+----+------+-----+---------+-------------------+
* Clock Loads column represents cell count of net connects that connect to a clock pin. Internal cell leaf pins are not considered
** Non-Clock Loads column represents cell count of non-clock pin loads
*** Columns FF, LUTRAM, RAMB through 'Hard IP' represents load cell counts


15. Clock Region Cell Placement per Global Clock: Region X0Y1
-------------------------------------------------------------

+-----------+-------+-----------------+------------+-------------+-----------------+------+-------------+------+-----+----+------+-----+---------+-------------------+
| Global Id | Track | Driver Type/Pin | Constraint | Clock Loads | Non-Clock Loads | FF   | Memory LUTs | RAMB | DSP | GT | MMCM | PLL | Hard IP | Net               |
+-----------+-------+-----------------+------------+-------------+-----------------+------+-------------+------+-----+----+------+-----+---------+-------------------+
| g0        | n/a   | BUFG/O          | None       |        3288 |               0 | 2945 |         340 |    1 |   0 |  0 |    0 |   0 |       0 | clk0/inst/clk_vga |
| g1        | n/a   | BUFG/O          | None       |           4 |               0 |    4 |           0 |    0 |   0 |  0 |    0 |   0 |       0 | M_CLK_OBUF_BUFG   |
| g2        | n/a   | BUFG/O          | None       |           6 |               0 |    6 |           0 |    0 |   0 |  0 |    0 |   0 |       0 | pixel_clk         |
| g4        | n/a   | BUFG/O          | None       |           1 |               0 |    1 |           0 |    0 |   0 |  0 |    0 |   0 |       0 | clk0/inst/clk_mic |
+-----------+-------+-----------------+------------+-------------+-----------------+------+-------------+------+-----+----+------+-----+---------+-------------------+
* Clock Loads column represents cell count of net connects that connect to a clock pin. Internal cell leaf pins are not considered
** Non-Clock Loads column represents cell count of non-clock pin loads
*** Columns FF, LUTRAM, RAMB through 'Hard IP' represents load cell counts


16. Clock Region Cell Placement per Global Clock: Region X1Y1
-------------------------------------------------------------

+-----------+-------+-----------------+------------+-------------+-----------------+------+-------------+------+-----+----+------+-----+---------+-------------------+
| Global Id | Track | Driver Type/Pin | Constraint | Clock Loads | Non-Clock Loads | FF   | Memory LUTs | RAMB | DSP | GT | MMCM | PLL | Hard IP | Net               |
+-----------+-------+-----------------+------------+-------------+-----------------+------+-------------+------+-----+----+------+-----+---------+-------------------+
| g0        | n/a   | BUFG/O          | None       |        3576 |               0 | 3149 |         420 |    0 |   7 |  0 |    0 |   0 |       0 | clk0/inst/clk_vga |
| g2        | n/a   | BUFG/O          | None       |          30 |               0 |   30 |           0 |    0 |   0 |  0 |    0 |   0 |       0 | pixel_clk         |
| g3        | n/a   | BUFG/O          | None       |           1 |               0 |    1 |           0 |    0 |   0 |  0 |    0 |   0 |       0 | CLK_IBUF_BUFG     |
+-----------+-------+-----------------+------------+-------------+-----------------+------+-------------+------+-----+----+------+-----+---------+-------------------+
* Clock Loads column represents cell count of net connects that connect to a clock pin. Internal cell leaf pins are not considered
** Non-Clock Loads column represents cell count of non-clock pin loads
*** Columns FF, LUTRAM, RAMB through 'Hard IP' represents load cell counts


17. Clock Region Cell Placement per Global Clock: Region X0Y2
-------------------------------------------------------------

+-----------+-------+-----------------+------------+-------------+-----------------+-----+-------------+------+-----+----+------+-----+---------+-------------------+
| Global Id | Track | Driver Type/Pin | Constraint | Clock Loads | Non-Clock Loads | FF  | Memory LUTs | RAMB | DSP | GT | MMCM | PLL | Hard IP | Net               |
+-----------+-------+-----------------+------------+-------------+-----------------+-----+-------------+------+-----+----+------+-----+---------+-------------------+
| g0        | n/a   | BUFG/O          | None       |         318 |               0 | 318 |           0 |    0 |   0 |  0 |    0 |   0 |       0 | clk0/inst/clk_vga |
| g2        | n/a   | BUFG/O          | None       |          32 |               0 |  32 |           0 |    0 |   0 |  0 |    0 |   0 |       0 | pixel_clk         |
+-----------+-------+-----------------+------------+-------------+-----------------+-----+-------------+------+-----+----+------+-----+---------+-------------------+
* Clock Loads column represents cell count of net connects that connect to a clock pin. Internal cell leaf pins are not considered
** Non-Clock Loads column represents cell count of non-clock pin loads
*** Columns FF, LUTRAM, RAMB through 'Hard IP' represents load cell counts


18. Clock Region Cell Placement per Global Clock: Region X1Y2
-------------------------------------------------------------

+-----------+-------+-----------------+------------+-------------+-----------------+-----+-------------+------+-----+----+------+-----+---------+-------------------+
| Global Id | Track | Driver Type/Pin | Constraint | Clock Loads | Non-Clock Loads | FF  | Memory LUTs | RAMB | DSP | GT | MMCM | PLL | Hard IP | Net               |
+-----------+-------+-----------------+------------+-------------+-----------------+-----+-------------+------+-----+----+------+-----+---------+-------------------+
| g0        | n/a   | BUFG/O          | None       |         166 |               0 | 166 |           0 |    0 |   0 |  0 |    0 |   0 |       0 | clk0/inst/clk_vga |
| g1        | n/a   | BUFG/O          | None       |           0 |               1 |   0 |           0 |    0 |   0 |  0 |    0 |   0 |       0 | M_CLK_OBUF_BUFG   |
| g2        | n/a   | BUFG/O          | None       |           6 |               0 |   6 |           0 |    0 |   0 |  0 |    0 |   0 |       0 | pixel_clk         |
+-----------+-------+-----------------+------------+-------------+-----------------+-----+-------------+------+-----+----+------+-----+---------+-------------------+
* Clock Loads column represents cell count of net connects that connect to a clock pin. Internal cell leaf pins are not considered
** Non-Clock Loads column represents cell count of non-clock pin loads
*** Columns FF, LUTRAM, RAMB through 'Hard IP' represents load cell counts



# Location of BUFG Primitives 
set_property LOC BUFGCTRL_X0Y2 [get_cells h_count_reg[9]_i_3]
set_property LOC BUFGCTRL_X0Y3 [get_cells BUFG_CLK]
set_property LOC BUFGCTRL_X0Y4 [get_cells clk0/inst/clkf_buf]
set_property LOC BUFGCTRL_X0Y1 [get_cells clk0/inst/clkout2_buf]
set_property LOC BUFGCTRL_X0Y5 [get_cells clk0/inst/clkout1_buf]
set_property LOC BUFGCTRL_X0Y0 [get_cells M_CLK_OBUF_BUFG_inst]
set_property LOC BUFGCTRL_X0Y16 [get_cells CLK_IBUF_BUFG_inst]

# Location of IO Primitives which is load of clock spine
set_property LOC IOB_X1Y100 [get_cells M_CLK_OBUF_inst]

# Location of clock ports
set_property LOC IOB_X1Y126 [get_ports CLK]

# Clock net "pixel_clk" driven by instance "h_count_reg[9]_i_3" located at site "BUFGCTRL_X0Y2"
#startgroup
create_pblock {CLKAG_pixel_clk}
add_cells_to_pblock [get_pblocks  {CLKAG_pixel_clk}] [get_cells -filter { PRIMITIVE_GROUP != I/O && IS_PRIMITIVE==1 && PRIMITIVE_LEVEL !=INTERNAL } -of_object [get_pins -filter {DIRECTION==IN} -of_objects [get_nets -hierarchical -filter {PARENT=="pixel_clk"}]]]
resize_pblock [get_pblocks {CLKAG_pixel_clk}] -add {CLOCKREGION_X0Y1:CLOCKREGION_X0Y1 CLOCKREGION_X0Y2:CLOCKREGION_X0Y2 CLOCKREGION_X1Y1:CLOCKREGION_X1Y1 CLOCKREGION_X1Y2:CLOCKREGION_X1Y2}
#endgroup

# Clock net "clk0/inst/clk_vga" driven by instance "clk0/inst/clkout2_buf" located at site "BUFGCTRL_X0Y1"
#startgroup
create_pblock {CLKAG_clk0/inst/clk_vga}
add_cells_to_pblock [get_pblocks  {CLKAG_clk0/inst/clk_vga}] [get_cells -filter { PRIMITIVE_GROUP != I/O && IS_PRIMITIVE==1 && PRIMITIVE_LEVEL !=INTERNAL } -of_object [get_pins -filter {DIRECTION==IN} -of_objects [get_nets -hierarchical -filter {PARENT=="clk0/inst/clk_vga"}]]]
resize_pblock [get_pblocks {CLKAG_clk0/inst/clk_vga}] -add {CLOCKREGION_X0Y0:CLOCKREGION_X0Y0 CLOCKREGION_X0Y1:CLOCKREGION_X0Y1 CLOCKREGION_X0Y2:CLOCKREGION_X0Y2 CLOCKREGION_X1Y0:CLOCKREGION_X1Y0 CLOCKREGION_X1Y1:CLOCKREGION_X1Y1 CLOCKREGION_X1Y2:CLOCKREGION_X1Y2}
#endgroup

# Clock net "clk0/inst/clk_mic" driven by instance "clk0/inst/clkout1_buf" located at site "BUFGCTRL_X0Y5"
#startgroup
create_pblock {CLKAG_clk0/inst/clk_mic}
add_cells_to_pblock [get_pblocks  {CLKAG_clk0/inst/clk_mic}] [get_cells -filter { PRIMITIVE_GROUP != I/O && IS_PRIMITIVE==1 && PRIMITIVE_LEVEL !=INTERNAL } -of_object [get_pins -filter {DIRECTION==IN} -of_objects [get_nets -hierarchical -filter {PARENT=="clk0/inst/clk_mic"}]]]
resize_pblock [get_pblocks {CLKAG_clk0/inst/clk_mic}] -add {CLOCKREGION_X0Y1:CLOCKREGION_X0Y1}
#endgroup

# Clock net "M_CLK_OBUF_BUFG" driven by instance "M_CLK_OBUF_BUFG_inst" located at site "BUFGCTRL_X0Y0"
#startgroup
create_pblock {CLKAG_M_CLK_OBUF_BUFG}
add_cells_to_pblock [get_pblocks  {CLKAG_M_CLK_OBUF_BUFG}] [get_cells -filter { PRIMITIVE_GROUP != I/O && IS_PRIMITIVE==1 && PRIMITIVE_LEVEL !=INTERNAL && NAME!=M_CLK_OBUF_inst} -of_object [get_pins -filter {DIRECTION==IN} -of_objects [get_nets -hierarchical -filter {PARENT=="M_CLK_OBUF_BUFG"}]]]
resize_pblock [get_pblocks {CLKAG_M_CLK_OBUF_BUFG}] -add {CLOCKREGION_X0Y0:CLOCKREGION_X0Y0 CLOCKREGION_X0Y1:CLOCKREGION_X0Y1 CLOCKREGION_X1Y0:CLOCKREGION_X1Y0}
#endgroup

# Clock net "CLK_IBUF_BUFG" driven by instance "CLK_IBUF_BUFG_inst" located at site "BUFGCTRL_X0Y16"
#startgroup
create_pblock {CLKAG_CLK_IBUF_BUFG}
add_cells_to_pblock [get_pblocks  {CLKAG_CLK_IBUF_BUFG}] [get_cells -filter { PRIMITIVE_GROUP != I/O && IS_PRIMITIVE==1 && PRIMITIVE_LEVEL !=INTERNAL } -of_object [get_pins -filter {DIRECTION==IN} -of_objects [get_nets -hierarchical -filter {PARENT=="CLK_IBUF_BUFG"}]]]
resize_pblock [get_pblocks {CLKAG_CLK_IBUF_BUFG}] -add {CLOCKREGION_X1Y1:CLOCKREGION_X1Y1}
#endgroup
